{
  "RSpec": {
    "coverage": {
      "/home/remarkable-process-7572/tic-tac-toe-rb-online-web-sp-000/lib/tic_tac_toe.rb": [
        null,
        null,
        1,
        null,
        null,
        null,
        null,
        null,
        null,
        null,
        null,
        null,
        1,
        25,
        25,
        25,
        25,
        25,
        null,
        null,
        1,
        24,
        null,
        null,
        1,
        23,
        null,
        null,
        1,
        115,
        115,
        null,
        null,
        1,
        24,
        null,
        null,
        1,
        21,
        21,
        21,
        21,
        20,
        20,
        null,
        1,
        null,
        null,
        null,
        1,
        22,
        22,
        198,
        20,
        178,
        12,
        null,
        null,
        22,
        null,
        null,
        1,
        21,
        14,
        null,
        7,
        null,
        null,
        null,
        1,
        44,
        246,
        246,
        246,
        null,
        246,
        246,
        246,
        null,
        246,
        null,
        null,
        null,
        1,
        1,
        49,
        null,
        217,
        null,
        null,
        null,
        1,
        26,
        null,
        null,
        1,
        22,
        null,
        null,
        1,
        7,
        6,
        null,
        null,
        null,
        1,
        12,
        18,
        null,
        12,
        5,
        7,
        7,
        null,
        null
      ]
    },
    "timestamp": 1588634539
  }
}
