{
  "RSpec": {
    "coverage": {
      "/home/remarkable-process-7572/tic-tac-toe-rb-online-web-sp-000/lib/tic_tac_toe.rb": [
        null,
        null,
        1,
        null,
        null,
        null,
        null,
        null,
        null,
        null,
        null,
        null,
        1,
        25,
        25,
        25,
        25,
        25,
        null,
        null,
        1,
        24,
        null,
        null,
        1,
        23,
        null,
        null,
        1,
        77,
        77,
        null,
        null,
        1,
        24,
        null,
        null,
        1,
        21,
        21,
        21,
        21,
        20,
        20,
        null,
        1,
        null,
        null,
        null,
        1,
        22,
        22,
        198,
        20,
        178,
        12,
        null,
        null,
        22,
        null,
        null,
        1,
        21,
        14,
        null,
        7,
        null,
        null,
        null,
        1,
        23,
        144,
        144,
        144,
        null,
        144,
        144,
        144,
        null,
        144,
        null,
        null,
        null,
        1,
        1,
        43,
        null,
        188,
        null,
        null,
        null,
        1,
        20,
        null,
        null,
        1,
        22,
        null,
        null,
        1,
        3,
        2,
        null,
        null,
        null,
        1,
        12,
        18,
        null,
        null
      ]
    },
    "timestamp": 1588634157
  }
}
